<?xml version="1.0" encoding="UTF-8"?>
<coverage generated="1763658247035" clover="3.2.0">
  <project timestamp="1763658247035" name="All files">
    <metrics statements="20" coveredstatements="20" conditionals="12" coveredconditionals="12" methods="13" coveredmethods="13" elements="45" coveredelements="45" complexity="0" loc="20" ncloc="20" packages="2" files="5" classes="5"/>
    <package name="components">
      <metrics statements="18" coveredstatements="18" conditionals="12" coveredconditionals="12" methods="11" coveredmethods="11"/>
      <file name="QuestionCard.tsx" path="/Users/Vilizar/Desktop/GITHUB PROJECTS/quiz-app/quiz-app/src/components/QuestionCard.tsx">
        <metrics statements="8" coveredstatements="8" conditionals="12" coveredconditionals="12" methods="4" coveredmethods="4"/>
        <line num="14" count="1" type="stmt"/>
        <line num="19" count="60" type="cond" truecount="2" falsecount="0"/>
        <line num="20" count="40" type="cond" truecount="2" falsecount="0"/>
        <line num="21" count="10" type="cond" truecount="2" falsecount="0"/>
        <line num="24" count="1" type="stmt"/>
        <line num="36" count="15" type="stmt"/>
        <line num="43" count="60" type="stmt"/>
        <line num="45" count="1" type="stmt"/>
      </file>
      <file name="QuizComplete.tsx" path="/Users/Vilizar/Desktop/GITHUB PROJECTS/quiz-app/quiz-app/src/components/QuizComplete.tsx">
        <metrics statements="2" coveredstatements="2" conditionals="0" coveredconditionals="0" methods="1" coveredmethods="1"/>
        <line num="7" count="1" type="stmt"/>
        <line num="12" count="5" type="stmt"/>
      </file>
      <file name="QuizLoading.tsx" path="/Users/Vilizar/Desktop/GITHUB PROJECTS/quiz-app/quiz-app/src/components/QuizLoading.tsx">
        <metrics statements="2" coveredstatements="2" conditionals="0" coveredconditionals="0" methods="1" coveredmethods="1"/>
        <line num="1" count="1" type="stmt"/>
        <line num="2" count="3" type="stmt"/>
      </file>
      <file name="QuizSetup.tsx" path="/Users/Vilizar/Desktop/GITHUB PROJECTS/quiz-app/quiz-app/src/components/QuizSetup.tsx">
        <metrics statements="6" coveredstatements="6" conditionals="0" coveredconditionals="0" methods="5" coveredmethods="5"/>
        <line num="12" count="1" type="stmt"/>
        <line num="22" count="13" type="stmt"/>
        <line num="30" count="1" type="stmt"/>
        <line num="34" count="39" type="stmt"/>
        <line num="46" count="1" type="stmt"/>
        <line num="60" count="1" type="stmt"/>
      </file>
    </package>
    <package name="utils">
      <metrics statements="2" coveredstatements="2" conditionals="0" coveredconditionals="0" methods="2" coveredmethods="2"/>
      <file name="shuffleArray.ts" path="/Users/Vilizar/Desktop/GITHUB PROJECTS/quiz-app/quiz-app/src/utils/shuffleArray.ts">
        <metrics statements="2" coveredstatements="2" conditionals="0" coveredconditionals="0" methods="2" coveredmethods="2"/>
        <line num="1" count="1" type="stmt"/>
        <line num="2" count="45" type="stmt"/>
      </file>
    </package>
  </project>
</coverage>
