{"/Users/Vilizar/Desktop/GITHUB PROJECTS/quiz-app/quiz-app/src/components/QuestionCard.tsx": {"path":"/Users/Vilizar/Desktop/GITHUB PROJECTS/quiz-app/quiz-app/src/components/QuestionCard.tsx","statementMap":{"0":{"start":{"line":14,"column":23},"end":{"line":22,"column":null}},"1":{"start":{"line":19,"column":2},"end":{"line":19,"column":null}},"2":{"start":{"line":19,"column":17},"end":{"line":19,"column":null}},"3":{"start":{"line":20,"column":2},"end":{"line":20,"column":null}},"4":{"start":{"line":20,"column":27},"end":{"line":20,"column":null}},"5":{"start":{"line":21,"column":2},"end":{"line":21,"column":null}},"6":{"start":{"line":24,"column":50},"end":{"line":75,"column":null}},"7":{"start":{"line":36,"column":2},"end":{"line":75,"column":null}},"8":{"start":{"line":43,"column":8},"end":{"line":54,"column":null}},"9":{"start":{"line":45,"column":25},"end":{"line":45,"column":null}}},"fnMap":{"0":{"name":"(anonymous_0)","decl":{"start":{"line":14,"column":23},"end":{"line":14,"column":null}},"loc":{"start":{"line":18,"column":5},"end":{"line":22,"column":null}},"line":18},"1":{"name":"(anonymous_1)","decl":{"start":{"line":24,"column":50},"end":{"line":24,"column":51}},"loc":{"start":{"line":36,"column":2},"end":{"line":75,"column":null}},"line":36},"2":{"name":"(anonymous_2)","decl":{"start":{"line":42,"column":19},"end":{"line":42,"column":20}},"loc":{"start":{"line":43,"column":8},"end":{"line":54,"column":null}},"line":43},"3":{"name":"(anonymous_3)","decl":{"start":{"line":45,"column":19},"end":{"line":45,"column":25}},"loc":{"start":{"line":45,"column":25},"end":{"line":45,"column":null}},"line":45}},"branchMap":{"0":{"loc":{"start":{"line":19,"column":2},"end":{"line":19,"column":null}},"type":"if","locations":[{"start":{"line":19,"column":2},"end":{"line":19,"column":null}},{"start":{},"end":{}}],"line":19},"1":{"loc":{"start":{"line":20,"column":2},"end":{"line":20,"column":null}},"type":"if","locations":[{"start":{"line":20,"column":2},"end":{"line":20,"column":null}},{"start":{},"end":{}}],"line":20},"2":{"loc":{"start":{"line":21,"column":9},"end":{"line":21,"column":null}},"type":"cond-expr","locations":[{"start":{"line":21,"column":30},"end":{"line":21,"column":42}},{"start":{"line":21,"column":42},"end":{"line":21,"column":null}}],"line":21},"3":{"loc":{"start":{"line":58,"column":5},"end":{"line":73,"column":null}},"type":"binary-expr","locations":[{"start":{"line":58,"column":5},"end":{"line":58,"column":null}},{"start":{"line":59,"column":6},"end":{"line":73,"column":null}}],"line":58},"4":{"loc":{"start":{"line":62,"column":13},"end":{"line":64,"column":null}},"type":"cond-expr","locations":[{"start":{"line":63,"column":16},"end":{"line":63,"column":null}},{"start":{"line":64,"column":16},"end":{"line":64,"column":null}}],"line":62},"5":{"loc":{"start":{"line":70,"column":13},"end":{"line":70,"column":null}},"type":"cond-expr","locations":[{"start":{"line":70,"column":30},"end":{"line":70,"column":46}},{"start":{"line":70,"column":46},"end":{"line":70,"column":null}}],"line":70}},"s":{"0":1,"1":60,"2":20,"3":40,"4":30,"5":10,"6":1,"7":15,"8":60,"9":1},"f":{"0":60,"1":15,"2":60,"3":1},"b":{"0":[20,40],"1":[30,10],"2":[8,2],"3":[15,10],"4":[8,2],"5":[1,9]},"meta":{"lastBranch":6,"lastFunction":4,"lastStatement":10,"seen":{"s:14:23:22:Infinity":0,"f:14:23:14:Infinity":0,"b:19:2:19:Infinity:undefined:undefined:undefined:undefined":0,"s:19:2:19:Infinity":1,"s:19:17:19:Infinity":2,"b:20:2:20:Infinity:undefined:undefined:undefined:undefined":1,"s:20:2:20:Infinity":3,"s:20:27:20:Infinity":4,"s:21:2:21:Infinity":5,"b:21:30:21:42:21:42:21:Infinity":2,"s:24:50:75:Infinity":6,"f:24:50:24:51":1,"s:36:2:75:Infinity":7,"f:42:19:42:20":2,"s:43:8:54:Infinity":8,"f:45:19:45:25":3,"s:45:25:45:Infinity":9,"b:58:5:58:Infinity:59:6:73:Infinity":3,"b:63:16:63:Infinity:64:16:64:Infinity":4,"b:70:30:70:46:70:46:70:Infinity":5}}}
,"/Users/Vilizar/Desktop/GITHUB PROJECTS/quiz-app/quiz-app/src/components/QuizComplete.tsx": {"path":"/Users/Vilizar/Desktop/GITHUB PROJECTS/quiz-app/quiz-app/src/components/QuizComplete.tsx","statementMap":{"0":{"start":{"line":7,"column":50},"end":{"line":21,"column":null}},"1":{"start":{"line":12,"column":2},"end":{"line":19,"column":null}}},"fnMap":{"0":{"name":"(anonymous_0)","decl":{"start":{"line":7,"column":50},"end":{"line":7,"column":51}},"loc":{"start":{"line":11,"column":6},"end":{"line":21,"column":null}},"line":11}},"branchMap":{},"s":{"0":1,"1":5},"f":{"0":5},"b":{},"meta":{"lastBranch":0,"lastFunction":1,"lastStatement":2,"seen":{"s:7:50:21:Infinity":0,"f:7:50:7:51":0,"s:12:2:19:Infinity":1}}}
,"/Users/Vilizar/Desktop/GITHUB PROJECTS/quiz-app/quiz-app/src/components/QuizLoading.tsx": {"path":"/Users/Vilizar/Desktop/GITHUB PROJECTS/quiz-app/quiz-app/src/components/QuizLoading.tsx","statementMap":{"0":{"start":{"line":1,"column":20},"end":{"line":9,"column":null}},"1":{"start":{"line":2,"column":2},"end":{"line":7,"column":null}}},"fnMap":{"0":{"name":"(anonymous_0)","decl":{"start":{"line":1,"column":20},"end":{"line":1,"column":26}},"loc":{"start":{"line":1,"column":26},"end":{"line":9,"column":null}},"line":1}},"branchMap":{},"s":{"0":1,"1":3},"f":{"0":3},"b":{},"meta":{"lastBranch":0,"lastFunction":1,"lastStatement":2,"seen":{"s:1:20:9:Infinity":0,"f:1:20:1:26":0,"s:2:2:7:Infinity":1}}}
,"/Users/Vilizar/Desktop/GITHUB PROJECTS/quiz-app/quiz-app/src/components/QuizSetup.tsx": {"path":"/Users/Vilizar/Desktop/GITHUB PROJECTS/quiz-app/quiz-app/src/components/QuizSetup.tsx","statementMap":{"0":{"start":{"line":12,"column":44},"end":{"line":72,"column":null}},"1":{"start":{"line":22,"column":2},"end":{"line":72,"column":null}},"2":{"start":{"line":30,"column":25},"end":{"line":30,"column":null}},"3":{"start":{"line":34,"column":10},"end":{"line":36,"column":null}},"4":{"start":{"line":46,"column":25},"end":{"line":46,"column":null}},"5":{"start":{"line":60,"column":25},"end":{"line":60,"column":null}}},"fnMap":{"0":{"name":"(anonymous_0)","decl":{"start":{"line":12,"column":44},"end":{"line":12,"column":45}},"loc":{"start":{"line":22,"column":2},"end":{"line":72,"column":null}},"line":22},"1":{"name":"(anonymous_1)","decl":{"start":{"line":30,"column":18},"end":{"line":30,"column":19}},"loc":{"start":{"line":30,"column":25},"end":{"line":30,"column":null}},"line":30},"2":{"name":"(anonymous_2)","decl":{"start":{"line":33,"column":24},"end":{"line":33,"column":25}},"loc":{"start":{"line":34,"column":10},"end":{"line":36,"column":null}},"line":34},"3":{"name":"(anonymous_3)","decl":{"start":{"line":46,"column":18},"end":{"line":46,"column":19}},"loc":{"start":{"line":46,"column":25},"end":{"line":46,"column":null}},"line":46},"4":{"name":"(anonymous_4)","decl":{"start":{"line":60,"column":18},"end":{"line":60,"column":19}},"loc":{"start":{"line":60,"column":25},"end":{"line":60,"column":null}},"line":60}},"branchMap":{},"s":{"0":1,"1":13,"2":1,"3":39,"4":1,"5":1},"f":{"0":13,"1":1,"2":39,"3":1,"4":1},"b":{},"meta":{"lastBranch":0,"lastFunction":5,"lastStatement":6,"seen":{"s:12:44:72:Infinity":0,"f:12:44:12:45":0,"s:22:2:72:Infinity":1,"f:30:18:30:19":1,"s:30:25:30:Infinity":2,"f:33:24:33:25":2,"s:34:10:36:Infinity":3,"f:46:18:46:19":3,"s:46:25:46:Infinity":4,"f:60:18:60:19":4,"s:60:25:60:Infinity":5}}}
,"/Users/Vilizar/Desktop/GITHUB PROJECTS/quiz-app/quiz-app/src/utils/shuffleArray.ts": {"path":"/Users/Vilizar/Desktop/GITHUB PROJECTS/quiz-app/quiz-app/src/utils/shuffleArray.ts","statementMap":{"0":{"start":{"line":1,"column":28},"end":{"line":2,"column":null}},"1":{"start":{"line":2,"column":2},"end":{"line":2,"column":null}},"2":{"start":{"line":2,"column":24},"end":{"line":2,"column":43}}},"fnMap":{"0":{"name":"(anonymous_0)","decl":{"start":{"line":1,"column":28},"end":{"line":1,"column":29}},"loc":{"start":{"line":2,"column":2},"end":{"line":2,"column":null}},"line":2},"1":{"name":"(anonymous_1)","decl":{"start":{"line":2,"column":18},"end":{"line":2,"column":24}},"loc":{"start":{"line":2,"column":24},"end":{"line":2,"column":43}},"line":2}},"branchMap":{},"s":{"0":1,"1":4,"2":45},"f":{"0":4,"1":45},"b":{},"meta":{"lastBranch":0,"lastFunction":2,"lastStatement":3,"seen":{"s:1:28:2:Infinity":0,"f:1:28:1:29":0,"s:2:2:2:Infinity":1,"f:2:18:2:24":1,"s:2:24:2:43":2}}}
}
